<?xml version="1.0" encoding="UTF-8"?>
<testsuite xmlns:xsi="http://www.w3.org/2001/XMLSchema-instance" xsi:noNamespaceSchemaLocation="https://maven.apache.org/surefire/maven-surefire-plugin/xsd/surefire-test-report-3.0.xsd" version="3.0" name="com.sujoy.model.TransactionTest" time="0.005" tests="6" errors="0" skipped="0" failures="0">
  <properties>
[...]
</properties>
  <testcase name="testGetFormattedDate" classname="com.sujoy.model.TransactionTest" time="0.0"/>
  <testcase name="testEquals_DifferentTransaction" classname="com.sujoy.model.TransactionTest" time="0.001"/>
  <testcase name="testGetSignedAmount_Credit" classname="com.sujoy.model.TransactionTest" time="0.0"/>
  <testcase name="testGetSignedAmount_Debit" classname="com.sujoy.model.TransactionTest" time="0.001"/>
  <testcase name="testConstructor" classname="com.sujoy.model.TransactionTest" time="0.0"/>
  <testcase name="testEquals_SameTransaction" classname="com.sujoy.model.TransactionTest" time="0.001"/>
</testsuite>