<?xml version="1.0" encoding="UTF-8"?>
<testsuite xmlns:xsi="http://www.w3.org/2001/XMLSchema-instance" xsi:noNamespaceSchemaLocation="https://maven.apache.org/surefire/maven-surefire-plugin/xsd/surefire-test-report-3.0.xsd" version="3.0" name="com.sujoy.converter.MSMoneyConverterTest" time="0.379" tests="4" errors="0" skipped="0" failures="0">
  <properties>
[...]
</properties>
  <testcase name="testWriteTransaction_Credit" classname="com.sujoy.converter.MSMoneyConverterTest" time="0.022"/>
  <testcase name="testWriteTransactions_EmptyList" classname="com.sujoy.converter.MSMoneyConverterTest" time="0.339">
    <system-out><![CDATA[2025-05-06 14:28:50 [main] WARN  com.sujoy.common.ErrorHandler - No transactions to write
]]></system-out>
  </testcase>
  <testcase name="testWriteTransactions" classname="com.sujoy.converter.MSMoneyConverterTest" time="0.001"/>
  <testcase name="testWriteTransaction_Debit" classname="com.sujoy.converter.MSMoneyConverterTest" time="0.001"/>
</testsuite>